<?xml version="1.0" encoding="UTF-8"?>
<testsuite name="uipa.api.ApiApplicationTests" tests="1" skipped="0" failures="0" errors="0" timestamp="2020-11-13T14:59:26" hostname="milton-notebook" time="0.004">
  <properties/>
  <testcase name="contextLoads()" classname="uipa.api.ApiApplicationTests" time="0.004"/>
  <system-out><![CDATA[2020-11-13 11:59:24.787  INFO 21110 --- [    Test worker] .b.t.c.SpringBootTestContextBootstrapper : Neither @ContextConfiguration nor @ContextHierarchy found for test class [uipa.api.ApiApplicationTests], using SpringBootContextLoader
2020-11-13 11:59:24.789  INFO 21110 --- [    Test worker] o.s.t.c.support.AbstractContextLoader    : Could not detect default resource locations for test class [uipa.api.ApiApplicationTests]: no resource found for suffixes {-context.xml, Context.groovy}.
2020-11-13 11:59:24.789  INFO 21110 --- [    Test worker] t.c.s.AnnotationConfigContextLoaderUtils : Could not detect default configuration classes for test class [uipa.api.ApiApplicationTests]: ApiApplicationTests does not declare any static, non-private, non-final, nested classes annotated with @Configuration.
2020-11-13 11:59:24.792  INFO 21110 --- [    Test worker] .b.t.c.SpringBootTestContextBootstrapper : Found @SpringBootConfiguration uipa.api.ApiApplication for test class uipa.api.ApiApplicationTests
2020-11-13 11:59:24.794  INFO 21110 --- [    Test worker] .b.t.c.SpringBootTestContextBootstrapper : Loaded default TestExecutionListener class names from location [META-INF/spring.factories]: [org.springframework.boot.test.autoconfigure.restdocs.RestDocsTestExecutionListener, org.springframework.boot.test.autoconfigure.web.client.MockRestServiceServerResetTestExecutionListener, org.springframework.boot.test.autoconfigure.web.servlet.MockMvcPrintOnlyOnFailureTestExecutionListener, org.springframework.boot.test.autoconfigure.web.servlet.WebDriverTestExecutionListener, org.springframework.boot.test.autoconfigure.webservices.client.MockWebServiceServerTestExecutionListener, org.springframework.boot.test.mock.mockito.MockitoTestExecutionListener, org.springframework.boot.test.mock.mockito.ResetMocksTestExecutionListener, org.springframework.test.context.web.ServletTestExecutionListener, org.springframework.test.context.support.DirtiesContextBeforeModesTestExecutionListener, org.springframework.test.context.support.DependencyInjectionTestExecutionListener, org.springframework.test.context.support.DirtiesContextTestExecutionListener, org.springframework.test.context.transaction.TransactionalTestExecutionListener, org.springframework.test.context.jdbc.SqlScriptsTestExecutionListener, org.springframework.test.context.event.EventPublishingTestExecutionListener]
2020-11-13 11:59:24.795  INFO 21110 --- [    Test worker] .b.t.c.SpringBootTestContextBootstrapper : Using TestExecutionListeners: [org.springframework.test.context.web.ServletTestExecutionListener@cbd3766, org.springframework.test.context.support.DirtiesContextBeforeModesTestExecutionListener@1132117d, org.springframework.boot.test.mock.mockito.MockitoTestExecutionListener@63876485, org.springframework.boot.test.autoconfigure.SpringBootDependencyInjectionTestExecutionListener@703d7427, org.springframework.test.context.support.DirtiesContextTestExecutionListener@155e7b41, org.springframework.test.context.transaction.TransactionalTestExecutionListener@14e6396e, org.springframework.test.context.jdbc.SqlScriptsTestExecutionListener@4c9dd43b, org.springframework.test.context.event.EventPublishingTestExecutionListener@579a1dc3, org.springframework.boot.test.autoconfigure.restdocs.RestDocsTestExecutionListener@31f8e002, org.springframework.boot.test.autoconfigure.web.client.MockRestServiceServerResetTestExecutionListener@14f0921a, org.springframework.boot.test.autoconfigure.web.servlet.MockMvcPrintOnlyOnFailureTestExecutionListener@36eeb0b3, org.springframework.boot.test.autoconfigure.web.servlet.WebDriverTestExecutionListener@311dd7a8, org.springframework.boot.test.autoconfigure.webservices.client.MockWebServiceServerTestExecutionListener@4793d979, org.springframework.boot.test.mock.mockito.ResetMocksTestExecutionListener@57e3f3d3]

  .   ____          _            __ _ _
 /\\ / ___'_ __ _ _(_)_ __  __ _ \ \ \ \
( ( )\___ | '_ | '_| | '_ \/ _` | \ \ \ \
 \\/  ___)| |_)| | | | | || (_| |  ) ) ) )
  '  |____| .__|_| |_|_| |_\__, | / / / /
 =========|_|==============|___/=/_/_/_/
 :: Spring Boot ::        (v2.3.4.RELEASE)

2020-11-13 11:59:24.831  WARN 21110 --- [    Test worker] ory$DuplicateJsonObjectContextCustomizer : 

Found multiple occurrences of org.json.JSONObject on the class path:

	jar:file:/media/ARQUIVOS/COMMON/PROJETOS/uipa/api/libs/ConsultaCEP.jar!/org/json/JSONObject.class
	jar:file:/home/mckatoo/.gradle/caches/modules-2/files-2.1/com.vaadin.external.google/android-json/0.0.20131108.vaadin1/fa26d351fe62a6a17f5cda1287c1c6110dec413f/android-json-0.0.20131108.vaadin1.jar!/org/json/JSONObject.class

You may wish to exclude one of them to ensure predictable runtime behavior

2020-11-13 11:59:24.833  INFO 21110 --- [    Test worker] uipa.api.ApiApplicationTests             : Starting ApiApplicationTests on milton-notebook with PID 21110 (started by mckatoo in /media/ARQUIVOS/COMMON/PROJETOS/uipa/api)
2020-11-13 11:59:24.834  INFO 21110 --- [    Test worker] uipa.api.ApiApplicationTests             : No active profile set, falling back to default profiles: default
2020-11-13 11:59:25.074  INFO 21110 --- [    Test worker] .s.d.r.c.RepositoryConfigurationDelegate : Bootstrapping Spring Data JPA repositories in DEFERRED mode.
2020-11-13 11:59:25.087  INFO 21110 --- [    Test worker] .s.d.r.c.RepositoryConfigurationDelegate : Finished Spring Data repository scanning in 12ms. Found 2 JPA repository interfaces.
2020-11-13 11:59:25.330  INFO 21110 --- [    Test worker] o.s.s.concurrent.ThreadPoolTaskExecutor  : Initializing ExecutorService 'applicationTaskExecutor'
2020-11-13 11:59:25.353  INFO 21110 --- [         task-1] o.hibernate.jpa.internal.util.LogHelper  : HHH000204: Processing PersistenceUnitInfo [name: default]
2020-11-13 11:59:25.362  INFO 21110 --- [         task-1] com.zaxxer.hikari.HikariDataSource       : HikariPool-2 - Starting...
2020-11-13 11:59:25.411  INFO 21110 --- [         task-1] com.zaxxer.hikari.HikariDataSource       : HikariPool-2 - Start completed.
2020-11-13 11:59:25.411  INFO 21110 --- [         task-1] org.hibernate.dialect.Dialect            : HHH000400: Using dialect: org.hibernate.dialect.MySQL8Dialect
2020-11-13 11:59:25.533  WARN 21110 --- [    Test worker] JpaBaseConfiguration$JpaWebConfiguration : spring.jpa.open-in-view is enabled by default. Therefore, database queries may be performed during view rendering. Explicitly configure spring.jpa.open-in-view to disable this warning
2020-11-13 11:59:25.600  INFO 21110 --- [         task-1] o.h.e.t.j.p.i.JtaPlatformInitiator       : HHH000490: Using JtaPlatform implementation: [org.hibernate.engine.transaction.jta.platform.internal.NoJtaPlatform]
2020-11-13 11:59:25.602  INFO 21110 --- [         task-1] j.LocalContainerEntityManagerFactoryBean : Initialized JPA EntityManagerFactory for persistence unit 'default'
2020-11-13 11:59:25.992  INFO 21110 --- [    Test worker] DeferredRepositoryInitializationListener : Triggering deferred initialization of Spring Data repositories…
2020-11-13 11:59:26.073  INFO 21110 --- [    Test worker] DeferredRepositoryInitializationListener : Spring Data repositories initialized!
2020-11-13 11:59:26.077  INFO 21110 --- [    Test worker] uipa.api.ApiApplicationTests             : Started ApiApplicationTests in 1.278 seconds (JVM running for 10.0)
]]></system-out>
  <system-err><![CDATA[]]></system-err>
</testsuite>
